<?xml version="1.0" encoding="UTF-8"?>
<testng-results ignored="0" total="1" passed="1" failed="0" skipped="0">
  <reporter-output>
  </reporter-output>
  <suite started-at="2023-05-29T17:09:39 IST" name="Default suite" finished-at="2023-05-29T17:09:54 IST" duration-ms="15310">
    <groups>
    </groups>
    <test started-at="2023-05-29T17:09:39 IST" name="Default test" finished-at="2023-05-29T17:09:54 IST" duration-ms="15310">
      <class name="testpackage.HandleSelenium">
        <test-method signature="test01()[pri:0, instance:testpackage.HandleSelenium@3e11f9e9]" started-at="2023-05-29T17:09:39 IST" name="test01" finished-at="2023-05-29T17:09:54 IST" duration-ms="15272" status="PASS">
          <reporter-output>
          </reporter-output>
        </test-method> <!-- test01 -->
      </class> <!-- testpackage.HandleSelenium -->
    </test> <!-- Default test -->
  </suite> <!-- Default suite -->
</testng-results>
